# JRE version: OpenJDK Runtime Environment (21.0.8+9) (build 21.0.8+9)
# Java VM: OpenJDK 64-Bit Server VM (21.0.8+9, mixed mode, emulated-client, sharing, tiered, compressed oops, compressed class ptrs, g1 gc, linux-amd64)
GC Precious Log:
 CardTable entry size: 512
 Card Set container configuration: InlinePtr #cards 4 size 8 Array Of Cards #cards 64 size 144 Howl #buckets 8 coarsen threshold 14745 Howl Bitmap #cards 2048 size 272 coarsen threshold 1843 Card regions per heap region 1 cards per card region 16384
 CPUs: 16 total, 16 available
 Memory: 61829M
 Large Page Support: Disabled
 NUMA Support: Disabled
 Compressed Oops: Enabled (Zero based)
 Heap Region Size: 8M
 Heap Min Capacity: 8M
 Heap Initial Capacity: 968M
 Heap Max Capacity: 15464M
 Pre-touch: Disabled
 Parallel Workers: 13
 Concurrent Workers: 3
 Concurrent Refinement Workers: 13
 Periodic GC: Disabled
Heap:
 garbage-first heap   total 278528K, used 176255K [0x0000000439800000, 0x0000000800000000)
  region size 8192K, 14 young (114688K), 1 survivors (8192K)
 Metaspace       used 117080K, committed 118208K, reserved 1179648K
  class space    used 16342K, committed 16960K, reserved 1048576K
GC Heap History (20 events):
Event: 378,569 GC heap after
{Heap after GC invocations=47 (full 2):
 garbage-first heap   total 245760K, used 69645K [0x0000000439800000, 0x0000000800000000)
  region size 8192K, 2 young (16384K), 2 survivors (16384K)
 Metaspace       used 116912K, committed 118016K, reserved 1179648K
  class space    used 16343K, committed 16960K, reserved 1048576K
}
Event: 378,673 GC heap before
{Heap before GC invocations=47 (full 2):
 garbage-first heap   total 245760K, used 192525K [0x0000000439800000, 0x0000000800000000)
  region size 8192K, 17 young (139264K), 2 survivors (16384K)
 Metaspace       used 116912K, committed 118016K, reserved 1179648K
  class space    used 16343K, committed 16960K, reserved 1048576K
}
Event: 378,674 GC heap after
{Heap after GC invocations=48 (full 2):
 garbage-first heap   total 245760K, used 72013K [0x0000000439800000, 0x0000000800000000)
  region size 8192K, 2 young (16384K), 2 survivors (16384K)
 Metaspace       used 116912K, committed 118016K, reserved 1179648K
  class space    used 16343K, committed 16960K, reserved 1048576K
}
Event: 378,792 GC heap before
{Heap before GC invocations=48 (full 2):
 garbage-first heap   total 245760K, used 194893K [0x0000000439800000, 0x0000000800000000)
  region size 8192K, 17 young (139264K), 2 survivors (16384K)
 Metaspace       used 116912K, committed 118016K, reserved 1179648K
  class space    used 16343K, committed 16960K, reserved 1048576K
}
Event: 378,793 GC heap after
{Heap after GC invocations=49 (full 2):
 garbage-first heap   total 245760K, used 68968K [0x0000000439800000, 0x0000000800000000)
  region size 8192K, 2 young (16384K), 2 survivors (16384K)
 Metaspace       used 116912K, committed 118016K, reserved 1179648K
  class space    used 16343K, committed 16960K, reserved 1048576K
}
Event: 378,886 GC heap before
{Heap before GC invocations=49 (full 2):
 garbage-first heap   total 245760K, used 142696K [0x0000000439800000, 0x0000000800000000)
  region size 8192K, 13 young (106496K), 2 survivors (16384K)
 Metaspace       used 116912K, committed 118016K, reserved 1179648K
  class space    used 16343K, committed 16960K, reserved 1048576K
}
Event: 378,887 GC heap after
{Heap after GC invocations=50 (full 2):
 garbage-first heap   total 245760K, used 69335K [0x0000000439800000, 0x0000000800000000)
  region size 8192K, 2 young (16384K), 2 survivors (16384K)
 Metaspace       used 116912K, committed 118016K, reserved 1179648K
  class space    used 16343K, committed 16960K, reserved 1048576K
}
Event: 378,890 GC heap before
{Heap before GC invocations=50 (full 2):
 garbage-first heap   total 245760K, used 77527K [0x0000000439800000, 0x0000000800000000)
  region size 8192K, 3 young (24576K), 2 survivors (16384K)
 Metaspace       used 116912K, committed 118016K, reserved 1179648K
  class space    used 16343K, committed 16960K, reserved 1048576K
}
Event: 378,891 GC heap after
{Heap after GC invocations=51 (full 2):
 garbage-first heap   total 245760K, used 75622K [0x0000000439800000, 0x0000000800000000)
  region size 8192K, 1 young (8192K), 1 survivors (8192K)
 Metaspace       used 116912K, committed 118016K, reserved 1179648K
  class space    used 16343K, committed 16960K, reserved 1048576K
}
Event: 379,031 GC heap before
{Heap before GC invocations=52 (full 2):
 garbage-first heap   total 245760K, used 223078K [0x0000000439800000, 0x0000000800000000)
  region size 8192K, 17 young (139264K), 1 survivors (8192K)
 Metaspace       used 116912K, committed 118016K, reserved 1179648K
  class space    used 16343K, committed 16960K, reserved 1048576K
}
Event: 379,034 GC heap after
{Heap after GC invocations=53 (full 2):
 garbage-first heap   total 253952K, used 90836K [0x0000000439800000, 0x0000000800000000)
  region size 8192K, 2 young (16384K), 2 survivors (16384K)
 Metaspace       used 116912K, committed 118016K, reserved 1179648K
  class space    used 16343K, committed 16960K, reserved 1048576K
}
Event: 379,124 GC heap before
{Heap before GC invocations=53 (full 2):
 garbage-first heap   total 253952K, used 197332K [0x0000000439800000, 0x0000000800000000)
  region size 8192K, 15 young (122880K), 2 survivors (16384K)
 Metaspace       used 116912K, committed 118016K, reserved 1179648K
  class space    used 16343K, committed 16960K, reserved 1048576K
}
Event: 379,126 GC heap after
{Heap after GC invocations=54 (full 2):
 garbage-first heap   total 311296K, used 84651K [0x0000000439800000, 0x0000000800000000)
  region size 8192K, 1 young (8192K), 1 survivors (8192K)
 Metaspace       used 116912K, committed 118016K, reserved 1179648K
  class space    used 16343K, committed 16960K, reserved 1048576K
}
Event: 379,275 GC heap before
{Heap before GC invocations=54 (full 2):
 garbage-first heap   total 311296K, used 256683K [0x0000000439800000, 0x0000000800000000)
  region size 8192K, 22 young (180224K), 1 survivors (8192K)
 Metaspace       used 116912K, committed 118016K, reserved 1179648K
  class space    used 16343K, committed 16960K, reserved 1048576K
}
Event: 379,276 GC heap after
{Heap after GC invocations=55 (full 2):
 garbage-first heap   total 311296K, used 84097K [0x0000000439800000, 0x0000000800000000)
  region size 8192K, 1 young (8192K), 1 survivors (8192K)
 Metaspace       used 116912K, committed 118016K, reserved 1179648K
  class space    used 16343K, committed 16960K, reserved 1048576K
}
Event: 379,423 GC heap before
{Heap before GC invocations=56 (full 2):
 garbage-first heap   total 311296K, used 256129K [0x0000000439800000, 0x0000000800000000)
  region size 8192K, 22 young (180224K), 1 survivors (8192K)
 Metaspace       used 116912K, committed 118016K, reserved 1179648K
  class space    used 16343K, committed 16960K, reserved 1048576K
}
Event: 379,425 GC heap after
{Heap after GC invocations=57 (full 2):
 garbage-first heap   total 311296K, used 94298K [0x0000000439800000, 0x0000000800000000)
  region size 8192K, 2 young (16384K), 2 survivors (16384K)
 Metaspace       used 116912K, committed 118016K, reserved 1179648K
  class space    used 16343K, committed 16960K, reserved 1048576K
}
Event: 801,111 GC heap before
{Heap before GC invocations=57 (full 2):
 garbage-first heap   total 311296K, used 258138K [0x0000000439800000, 0x0000000800000000)
  region size 8192K, 22 young (180224K), 2 survivors (16384K)
 Metaspace       used 117140K, committed 118272K, reserved 1179648K
  class space    used 16361K, committed 16960K, reserved 1048576K
}
Event: 801,112 GC heap after
{Heap after GC invocations=58 (full 2):
 garbage-first heap   total 311296K, used 70652K [0x0000000439800000, 0x0000000800000000)
  region size 8192K, 1 young (8192K), 1 survivors (8192K)
 Metaspace       used 117140K, committed 118272K, reserved 1179648K
  class space    used 16361K, committed 16960K, reserved 1048576K
}
Event: 1967,779 GC heap before
{Heap before GC invocations=59 (full 2):
 garbage-first heap   total 278528K, used 168956K [0x0000000439800000, 0x0000000800000000)
  region size 8192K, 14 young (114688K), 1 survivors (8192K)
 Metaspace       used 117080K, committed 118208K, reserved 1179648K
  class space    used 16342K, committed 16960K, reserved 1048576K
}

